# JRE version: Java(TM) SE Runtime Environment (8.0_171-b11) (build 1.8.0_171-b11)
# Java VM: Java HotSpot(TM) 64-Bit Server VM (25.171-b11 mixed mode windows-amd64 compressed oops)
Heap:
 PSYoungGen      total 38400K, used 8267K [0x00000000d5d80000, 0x00000000d8f00000, 0x0000000100000000)
  eden space 33280K, 9% used [0x00000000d5d80000,0x00000000d6094558,0x00000000d7e00000)
  from space 5120K, 99% used [0x00000000d8300000,0x00000000d87fe710,0x00000000d8800000)
  to   space 5120K, 0% used [0x00000000d7e00000,0x00000000d7e00000,0x00000000d8300000)
 ParOldGen       total 62464K, used 4793K [0x0000000081800000, 0x0000000085500000, 0x00000000d5d80000)
  object space 62464K, 7% used [0x0000000081800000,0x0000000081cae558,0x0000000085500000)
 Metaspace       used 16970K, capacity 17732K, committed 17792K, reserved 1091584K
  class space    used 2167K, capacity 2376K, committed 2432K, reserved 1048576K
GC Heap History (6 events):
Event: 4.592 GC heap before
{Heap before GC invocations=1 (full 0):
 PSYoungGen      total 38400K, used 24682K [0x00000000d5d80000, 0x00000000d8800000, 0x0000000100000000)
  eden space 33280K, 74% used [0x00000000d5d80000,0x00000000d759a850,0x00000000d7e00000)
  from space 5120K, 0% used [0x00000000d8300000,0x00000000d8300000,0x00000000d8800000)
  to   space 5120K, 0% used [0x00000000d7e00000,0x00000000d7e00000,0x00000000d8300000)
 ParOldGen       total 87552K, used 0K [0x0000000081800000, 0x0000000086d80000, 0x00000000d5d80000)
  object space 87552K, 0% used [0x0000000081800000,0x0000000081800000,0x0000000086d80000)
 Metaspace       used 10321K, capacity 10394K, committed 10496K, reserved 1060864K
  class space    used 1236K, capacity 1253K, committed 1280K, reserved 1048576K
Event: 4.610 GC heap after
Heap after GC invocations=1 (full 0):
 PSYoungGen      total 38400K, used 4644K [0x00000000d5d80000, 0x00000000d8800000, 0x0000000100000000)
  eden space 33280K, 0% used [0x00000000d5d80000,0x00000000d5d80000,0x00000000d7e00000)
  from space 5120K, 90% used [0x00000000d7e00000,0x00000000d8289108,0x00000000d8300000)
  to   space 5120K, 0% used [0x00000000d8300000,0x00000000d8300000,0x00000000d8800000)
 ParOldGen       total 87552K, used 80K [0x0000000081800000, 0x0000000086d80000, 0x00000000d5d80000)
  object space 87552K, 0% used [0x0000000081800000,0x0000000081814010,0x0000000086d80000)
 Metaspace       used 10321K, capacity 10394K, committed 10496K, reserved 1060864K
  class space    used 1236K, capacity 1253K, committed 1280K, reserved 1048576K
}
Event: 4.610 GC heap before
{Heap before GC invocations=2 (full 1):
 PSYoungGen      total 38400K, used 4644K [0x00000000d5d80000, 0x00000000d8800000, 0x0000000100000000)
  eden space 33280K, 0% used [0x00000000d5d80000,0x00000000d5d80000,0x00000000d7e00000)
  from space 5120K, 90% used [0x00000000d7e00000,0x00000000d8289108,0x00000000d8300000)
  to   space 5120K, 0% used [0x00000000d8300000,0x00000000d8300000,0x00000000d8800000)
 ParOldGen       total 87552K, used 80K [0x0000000081800000, 0x0000000086d80000, 0x00000000d5d80000)
  object space 87552K, 0% used [0x0000000081800000,0x0000000081814010,0x0000000086d80000)
 Metaspace       used 10321K, capacity 10394K, committed 10496K, reserved 1060864K
  class space    used 1236K, capacity 1253K, committed 1280K, reserved 1048576K
Event: 4.659 GC heap after
Heap after GC invocations=2 (full 1):
 PSYoungGen      total 38400K, used 0K [0x00000000d5d80000, 0x00000000d8800000, 0x0000000100000000)
  eden space 33280K, 0% used [0x00000000d5d80000,0x00000000d5d80000,0x00000000d7e00000)
  from space 5120K, 0% used [0x00000000d7e00000,0x00000000d7e00000,0x00000000d8300000)
  to   space 5120K, 0% used [0x00000000d8300000,0x00000000d8300000,0x00000000d8800000)
 ParOldGen       total 62464K, used 4485K [0x0000000081800000, 0x0000000085500000, 0x00000000d5d80000)
  object space 62464K, 7% used [0x0000000081800000,0x0000000081c61580,0x0000000085500000)
 Metaspace       used 10321K, capacity 10394K, committed 10496K, reserved 1060864K
  class space    used 1236K, capacity 1253K, committed 1280K, reserved 1048576K
}
Event: 28.594 GC heap before
{Heap before GC invocations=3 (full 1):
 PSYoungGen      total 38400K, used 33280K [0x00000000d5d80000, 0x00000000d8800000, 0x0000000100000000)
  eden space 33280K, 100% used [0x00000000d5d80000,0x00000000d7e00000,0x00000000d7e00000)
  from space 5120K, 0% used [0x00000000d7e00000,0x00000000d7e00000,0x00000000d8300000)
  to   space 5120K, 0% used [0x00000000d8300000,0x00000000d8300000,0x00000000d8800000)
 ParOldGen       total 62464K, used 4485K [0x0000000081800000, 0x0000000085500000, 0x00000000d5d80000)
  object space 62464K, 7% used [0x0000000081800000,0x0000000081c61580,0x0000000085500000)
 Metaspace       used 16905K, capacity 17668K, committed 17792K, reserved 1067008K
  class space    used 2157K, capacity 2364K, committed 2432K, reserved 1048576K
Event: 28.633 GC heap after
Heap after GC invocations=3 (full 1):
 PSYoungGen      total 38400K, used 5113K [0x00000000d5d80000, 0x00000000d8f00000, 0x0000000100000000)
  eden space 33280K, 0% used [0x00000000d5d80000,0x00000000d5d80000,0x00000000d7e00000)
  from space 5120K, 99% used [0x00000000d8300000,0x00000000d87fe710,0x00000000d8800000)
  to   space 5120K, 0% used [0x00000000d7e00000,0x00000000d7e00000,0x00000000d8300000)
 ParOldGen       total 62464K, used 4793K [0x0000000081800000, 0x0000000085500000, 0x00000000d5d80000)
  object space 62464K, 7% used [0x0000000081800000,0x0000000081cae558,0x0000000085500000)
 Metaspace       used 16905K, capacity 17668K, committed 17792K, reserved 1067008K
  class space    used 2157K, capacity 2364K, committed 2432K, reserved 1048576K
}

