<?xml version="1.0" encoding="UTF-8"?>
<!-- Generated by org.testng.reporters.JUnitXMLReporter -->
<testsuite hostname="jagadeesh-PC" ignored="0" name="Test" tests="4" failures="0" timestamp="12 Dec 2019 16:06:21 GMT" time="124.699" errors="0">
  <testcase name="basepagenavigation" time="27.043" classname="Qaclickacadey.validation"/>
  <testcase name="basepagenavigation" time="35.352" classname="Qaclickacadey.Homepage"/>
  <testcase name="basepagenavigation" time="34.413" classname="Qaclickacadey.Homepage"/>
  <testcase name="validationbar" time="23.828" classname="Qaclickacadey.validatebar"/>
</testsuite> <!-- Test -->
