<?xml version="1.0" encoding="UTF-8"?>
<!-- Generated by org.testng.reporters.JUnitXMLReporter -->
<testsuite hostname="jagadeesh-PC" ignored="0" name="Test" tests="4" failures="0" timestamp="13 Dec 2019 00:29:52 GMT" time="128.098" errors="0">
  <testcase name="basepagenavigation" time="25.664" classname="Qaclickacadey.validation"/>
  <testcase name="basepagenavigation" time="38.654" classname="Qaclickacadey.Homepage"/>
  <testcase name="basepagenavigation" time="37.795" classname="Qaclickacadey.Homepage"/>
  <testcase name="validationbar" time="22.114" classname="Qaclickacadey.validatebar"/>
</testsuite> <!-- Test -->
