<?xml version="1.0" encoding="UTF-8"?>
<testng-results skipped="0" failed="0" ignored="0" total="0" passed="0">
  <reporter-output>
  </reporter-output>
  <suite name="Qaclickacadey.AppTest" duration-ms="14" started-at="2019-10-03T16:10:22Z" finished-at="2019-10-03T16:10:22Z">
    <groups>
    </groups>
    <test name="Command line test" duration-ms="14" started-at="2019-10-03T16:10:22Z" finished-at="2019-10-03T16:10:22Z">
    </test> <!-- Command line test -->
  </suite> <!-- Qaclickacadey.AppTest -->
</testng-results>
